{"/Users/zesc/ctd-node/node-homework/app.js": {"path":"/Users/zesc/ctd-node/node-homework/app.js","statementMap":{"0":{"start":{"line":1,"column":16},"end":{"line":1,"column":34}},"1":{"start":{"line":2,"column":21},"end":{"line":2,"column":58}},"2":{"start":{"line":3,"column":17},"end":{"line":3,"column":50}},"3":{"start":{"line":4,"column":19},"end":{"line":4,"column":49}},"4":{"start":{"line":5,"column":19},"end":{"line":5,"column":49}},"5":{"start":{"line":6,"column":13},"end":{"line":6,"column":36}},"6":{"start":{"line":7,"column":15},"end":{"line":7,"column":37}},"7":{"start":{"line":8,"column":24},"end":{"line":8,"column":58}},"8":{"start":{"line":9,"column":22},"end":{"line":9,"column":59}},"9":{"start":{"line":10,"column":21},"end":{"line":10,"column":45}},"10":{"start":{"line":11,"column":15},"end":{"line":11,"column":32}},"11":{"start":{"line":12,"column":16},"end":{"line":12,"column":48}},"12":{"start":{"line":13,"column":20},"end":{"line":13,"column":49}},"13":{"start":{"line":15,"column":12},"end":{"line":15,"column":21}},"14":{"start":{"line":16,"column":0},"end":{"line":16,"column":26}},"15":{"start":{"line":18,"column":0},"end":{"line":23,"column":2}},"16":{"start":{"line":25,"column":0},"end":{"line":25,"column":40}},"17":{"start":{"line":26,"column":0},"end":{"line":26,"column":24}},"18":{"start":{"line":27,"column":0},"end":{"line":27,"column":18}},"19":{"start":{"line":28,"column":0},"end":{"line":28,"column":15}},"20":{"start":{"line":31,"column":0},"end":{"line":36,"column":3}},"21":{"start":{"line":32,"column":2},"end":{"line":34,"column":4}},"22":{"start":{"line":35,"column":2},"end":{"line":35,"column":9}},"23":{"start":{"line":38,"column":0},"end":{"line":40,"column":3}},"24":{"start":{"line":39,"column":2},"end":{"line":39,"column":41}},"25":{"start":{"line":42,"column":0},"end":{"line":51,"column":3}},"26":{"start":{"line":43,"column":2},"end":{"line":50,"column":3}},"27":{"start":{"line":44,"column":4},"end":{"line":44,"column":37}},"28":{"start":{"line":45,"column":4},"end":{"line":45,"column":48}},"29":{"start":{"line":47,"column":4},"end":{"line":49,"column":74}},"30":{"start":{"line":53,"column":0},"end":{"line":56,"column":3}},"31":{"start":{"line":55,"column":2},"end":{"line":55,"column":48}},"32":{"start":{"line":58,"column":0},"end":{"line":58,"column":34}},"33":{"start":{"line":59,"column":0},"end":{"line":59,"column":49}},"34":{"start":{"line":60,"column":0},"end":{"line":60,"column":58}},"35":{"start":{"line":62,"column":0},"end":{"line":62,"column":18}},"36":{"start":{"line":63,"column":0},"end":{"line":63,"column":22}},"37":{"start":{"line":66,"column":13},"end":{"line":66,"column":37}},"38":{"start":{"line":67,"column":15},"end":{"line":69,"column":1}},"39":{"start":{"line":68,"column":2},"end":{"line":68,"column":55}},"40":{"start":{"line":71,"column":0},"end":{"line":78,"column":3}},"41":{"start":{"line":72,"column":2},"end":{"line":76,"column":3}},"42":{"start":{"line":73,"column":4},"end":{"line":73,"column":53}},"43":{"start":{"line":75,"column":4},"end":{"line":75,"column":40}},"44":{"start":{"line":77,"column":2},"end":{"line":77,"column":18}},"45":{"start":{"line":80,"column":21},"end":{"line":80,"column":26}},"46":{"start":{"line":82,"column":2},"end":{"line":82,"column":29}},"47":{"start":{"line":82,"column":22},"end":{"line":82,"column":29}},"48":{"start":{"line":83,"column":2},"end":{"line":83,"column":24}},"49":{"start":{"line":84,"column":2},"end":{"line":84,"column":45}},"50":{"start":{"line":85,"column":2},"end":{"line":98,"column":3}},"51":{"start":{"line":86,"column":4},"end":{"line":86,"column":58}},"52":{"start":{"line":86,"column":35},"end":{"line":86,"column":56}},"53":{"start":{"line":87,"column":4},"end":{"line":87,"column":39}},"54":{"start":{"line":89,"column":4},"end":{"line":89,"column":21}},"55":{"start":{"line":90,"column":4},"end":{"line":90,"column":31}},"56":{"start":{"line":91,"column":4},"end":{"line":91,"column":37}},"57":{"start":{"line":93,"column":4},"end":{"line":93,"column":49}},"58":{"start":{"line":94,"column":4},"end":{"line":94,"column":13}},"59":{"start":{"line":96,"column":4},"end":{"line":96,"column":38}},"60":{"start":{"line":97,"column":4},"end":{"line":97,"column":23}},"61":{"start":{"line":101,"column":0},"end":{"line":101,"column":40}},"62":{"start":{"line":101,"column":27},"end":{"line":101,"column":38}},"63":{"start":{"line":102,"column":0},"end":{"line":102,"column":41}},"64":{"start":{"line":102,"column":28},"end":{"line":102,"column":39}},"65":{"start":{"line":103,"column":0},"end":{"line":106,"column":3}},"66":{"start":{"line":104,"column":2},"end":{"line":104,"column":44}},"67":{"start":{"line":105,"column":2},"end":{"line":105,"column":14}},"68":{"start":{"line":107,"column":0},"end":{"line":110,"column":3}},"69":{"start":{"line":108,"column":2},"end":{"line":108,"column":48}},"70":{"start":{"line":109,"column":2},"end":{"line":109,"column":14}},"71":{"start":{"line":112,"column":0},"end":{"line":112,"column":33}}},"fnMap":{"0":{"name":"(anonymous_0)","decl":{"start":{"line":31,"column":8},"end":{"line":31,"column":9}},"loc":{"start":{"line":31,"column":28},"end":{"line":36,"column":1}},"line":31},"1":{"name":"(anonymous_1)","decl":{"start":{"line":38,"column":13},"end":{"line":38,"column":14}},"loc":{"start":{"line":38,"column":27},"end":{"line":40,"column":1}},"line":38},"2":{"name":"(anonymous_2)","decl":{"start":{"line":42,"column":19},"end":{"line":42,"column":20}},"loc":{"start":{"line":42,"column":39},"end":{"line":51,"column":1}},"line":42},"3":{"name":"(anonymous_3)","decl":{"start":{"line":53,"column":22},"end":{"line":53,"column":23}},"loc":{"start":{"line":53,"column":36},"end":{"line":56,"column":1}},"line":53},"4":{"name":"(anonymous_4)","decl":{"start":{"line":67,"column":32},"end":{"line":67,"column":33}},"loc":{"start":{"line":68,"column":2},"end":{"line":68,"column":55}},"line":68},"5":{"name":"(anonymous_5)","decl":{"start":{"line":71,"column":19},"end":{"line":71,"column":20}},"loc":{"start":{"line":71,"column":28},"end":{"line":78,"column":1}},"line":71},"6":{"name":"shutdown","decl":{"start":{"line":81,"column":15},"end":{"line":81,"column":23}},"loc":{"start":{"line":81,"column":34},"end":{"line":99,"column":1}},"line":81},"7":{"name":"(anonymous_7)","decl":{"start":{"line":86,"column":22},"end":{"line":86,"column":23}},"loc":{"start":{"line":86,"column":35},"end":{"line":86,"column":56}},"line":86},"8":{"name":"(anonymous_8)","decl":{"start":{"line":101,"column":21},"end":{"line":101,"column":22}},"loc":{"start":{"line":101,"column":27},"end":{"line":101,"column":38}},"line":101},"9":{"name":"(anonymous_9)","decl":{"start":{"line":102,"column":22},"end":{"line":102,"column":23}},"loc":{"start":{"line":102,"column":28},"end":{"line":102,"column":39}},"line":102},"10":{"name":"(anonymous_10)","decl":{"start":{"line":103,"column":32},"end":{"line":103,"column":33}},"loc":{"start":{"line":103,"column":41},"end":{"line":106,"column":1}},"line":103},"11":{"name":"(anonymous_11)","decl":{"start":{"line":107,"column":33},"end":{"line":107,"column":34}},"loc":{"start":{"line":107,"column":45},"end":{"line":110,"column":1}},"line":107}},"branchMap":{"0":{"loc":{"start":{"line":66,"column":13},"end":{"line":66,"column":37}},"type":"binary-expr","locations":[{"start":{"line":66,"column":13},"end":{"line":66,"column":29}},{"start":{"line":66,"column":33},"end":{"line":66,"column":37}}],"line":66},"1":{"loc":{"start":{"line":72,"column":2},"end":{"line":76,"column":3}},"type":"if","locations":[{"start":{"line":72,"column":2},"end":{"line":76,"column":3}},{"start":{"line":74,"column":9},"end":{"line":76,"column":3}}],"line":72},"2":{"loc":{"start":{"line":81,"column":24},"end":{"line":81,"column":32}},"type":"default-arg","locations":[{"start":{"line":81,"column":31},"end":{"line":81,"column":32}}],"line":81},"3":{"loc":{"start":{"line":82,"column":2},"end":{"line":82,"column":29}},"type":"if","locations":[{"start":{"line":82,"column":2},"end":{"line":82,"column":29}},{"start":{},"end":{}}],"line":82}},"s":{"0":1,"1":1,"2":1,"3":1,"4":1,"5":1,"6":1,"7":1,"8":1,"9":1,"10":1,"11":1,"12":1,"13":1,"14":1,"15":1,"16":1,"17":1,"18":1,"19":1,"20":1,"21":5,"22":5,"23":1,"24":0,"25":1,"26":0,"27":0,"28":0,"29":0,"30":1,"31":0,"32":1,"33":1,"34":1,"35":1,"36":1,"37":1,"38":1,"39":1,"40":1,"41":0,"42":0,"43":0,"44":0,"45":1,"46":0,"47":0,"48":0,"49":0,"50":0,"51":0,"52":0,"53":0,"54":0,"55":0,"56":0,"57":0,"58":0,"59":0,"60":0,"61":1,"62":0,"63":1,"64":0,"65":1,"66":0,"67":0,"68":1,"69":0,"70":0,"71":1},"f":{"0":5,"1":0,"2":0,"3":0,"4":1,"5":0,"6":0,"7":0,"8":0,"9":0,"10":0,"11":0},"b":{"0":[1,1],"1":[0,0],"2":[0],"3":[0,0]},"_coverageSchema":"1a1c01bbd47fc00a2c39e90264f33305004495a9","hash":"582a1a24c659ba03dbe270dab0bdb0869e02b6f2"}
,"/Users/zesc/ctd-node/node-homework/controllers/analyticsController.js": {"path":"/Users/zesc/ctd-node/node-homework/controllers/analyticsController.js","statementMap":{"0":{"start":{"line":1,"column":15},"end":{"line":1,"column":38}},"1":{"start":{"line":3,"column":25},"end":{"line":79,"column":1}},"2":{"start":{"line":4,"column":17},"end":{"line":4,"column":40}},"3":{"start":{"line":6,"column":2},"end":{"line":8,"column":3}},"4":{"start":{"line":7,"column":4},"end":{"line":7,"column":63}},"5":{"start":{"line":10,"column":15},"end":{"line":13,"column":4}},"6":{"start":{"line":15,"column":2},"end":{"line":17,"column":3}},"7":{"start":{"line":16,"column":4},"end":{"line":16,"column":61}},"8":{"start":{"line":20,"column":20},"end":{"line":26,"column":4}},"9":{"start":{"line":29,"column":22},"end":{"line":44,"column":4}},"10":{"start":{"line":49,"column":21},"end":{"line":49,"column":31}},"11":{"start":{"line":50,"column":2},"end":{"line":50,"column":47}},"12":{"start":{"line":53,"column":28},"end":{"line":66,"column":1}},"13":{"start":{"line":68,"column":25},"end":{"line":71,"column":5}},"14":{"start":{"line":68,"column":59},"end":{"line":71,"column":3}},"15":{"start":{"line":74,"column":2},"end":{"line":78,"column":5}},"16":{"start":{"line":81,"column":26},"end":{"line":139,"column":1}},"17":{"start":{"line":82,"column":15},"end":{"line":82,"column":44}},"18":{"start":{"line":83,"column":16},"end":{"line":83,"column":47}},"19":{"start":{"line":84,"column":15},"end":{"line":84,"column":33}},"20":{"start":{"line":86,"column":2},"end":{"line":88,"column":3}},"21":{"start":{"line":87,"column":4},"end":{"line":87,"column":70}},"22":{"start":{"line":90,"column":2},"end":{"line":94,"column":3}},"23":{"start":{"line":91,"column":4},"end":{"line":93,"column":64}},"24":{"start":{"line":96,"column":19},"end":{"line":112,"column":4}},"25":{"start":{"line":115,"column":16},"end":{"line":122,"column":5}},"26":{"start":{"line":115,"column":40},"end":{"line":122,"column":3}},"27":{"start":{"line":125,"column":21},"end":{"line":125,"column":46}},"28":{"start":{"line":129,"column":21},"end":{"line":136,"column":3}},"29":{"start":{"line":138,"column":2},"end":{"line":138,"column":46}},"30":{"start":{"line":141,"column":20},"end":{"line":190,"column":1}},"31":{"start":{"line":142,"column":22},"end":{"line":142,"column":33}},"32":{"start":{"line":144,"column":2},"end":{"line":148,"column":3}},"33":{"start":{"line":145,"column":4},"end":{"line":147,"column":7}},"34":{"start":{"line":151,"column":16},"end":{"line":151,"column":37}},"35":{"start":{"line":154,"column":24},"end":{"line":154,"column":42}},"36":{"start":{"line":155,"column":21},"end":{"line":155,"column":32}},"37":{"start":{"line":156,"column":21},"end":{"line":156,"column":38}},"38":{"start":{"line":159,"column":24},"end":{"line":181,"column":1}},"39":{"start":{"line":185,"column":2},"end":{"line":189,"column":5}},"40":{"start":{"line":192,"column":0},"end":{"line":192,"column":70}}},"fnMap":{"0":{"name":"(anonymous_0)","decl":{"start":{"line":3,"column":25},"end":{"line":3,"column":26}},"loc":{"start":{"line":3,"column":45},"end":{"line":79,"column":1}},"line":3},"1":{"name":"(anonymous_1)","decl":{"start":{"line":68,"column":47},"end":{"line":68,"column":48}},"loc":{"start":{"line":68,"column":59},"end":{"line":71,"column":3}},"line":68},"2":{"name":"(anonymous_2)","decl":{"start":{"line":81,"column":26},"end":{"line":81,"column":27}},"loc":{"start":{"line":81,"column":46},"end":{"line":139,"column":1}},"line":81},"3":{"name":"(anonymous_3)","decl":{"start":{"line":115,"column":29},"end":{"line":115,"column":30}},"loc":{"start":{"line":115,"column":40},"end":{"line":122,"column":3}},"line":115},"4":{"name":"(anonymous_4)","decl":{"start":{"line":141,"column":20},"end":{"line":141,"column":21}},"loc":{"start":{"line":141,"column":40},"end":{"line":190,"column":1}},"line":141}},"branchMap":{"0":{"loc":{"start":{"line":6,"column":2},"end":{"line":8,"column":3}},"type":"if","locations":[{"start":{"line":6,"column":2},"end":{"line":8,"column":3}},{"start":{},"end":{}}],"line":6},"1":{"loc":{"start":{"line":15,"column":2},"end":{"line":17,"column":3}},"type":"if","locations":[{"start":{"line":15,"column":2},"end":{"line":17,"column":3}},{"start":{},"end":{}}],"line":15},"2":{"loc":{"start":{"line":82,"column":15},"end":{"line":82,"column":44}},"type":"binary-expr","locations":[{"start":{"line":82,"column":15},"end":{"line":82,"column":39}},{"start":{"line":82,"column":43},"end":{"line":82,"column":44}}],"line":82},"3":{"loc":{"start":{"line":83,"column":16},"end":{"line":83,"column":47}},"type":"binary-expr","locations":[{"start":{"line":83,"column":16},"end":{"line":83,"column":41}},{"start":{"line":83,"column":45},"end":{"line":83,"column":47}}],"line":83},"4":{"loc":{"start":{"line":86,"column":2},"end":{"line":88,"column":3}},"type":"if","locations":[{"start":{"line":86,"column":2},"end":{"line":88,"column":3}},{"start":{},"end":{}}],"line":86},"5":{"loc":{"start":{"line":90,"column":2},"end":{"line":94,"column":3}},"type":"if","locations":[{"start":{"line":90,"column":2},"end":{"line":94,"column":3}},{"start":{},"end":{}}],"line":90},"6":{"loc":{"start":{"line":90,"column":6},"end":{"line":90,"column":30}},"type":"binary-expr","locations":[{"start":{"line":90,"column":6},"end":{"line":90,"column":15}},{"start":{"line":90,"column":19},"end":{"line":90,"column":30}}],"line":90},"7":{"loc":{"start":{"line":144,"column":2},"end":{"line":148,"column":3}},"type":"if","locations":[{"start":{"line":144,"column":2},"end":{"line":148,"column":3}},{"start":{},"end":{}}],"line":144},"8":{"loc":{"start":{"line":144,"column":6},"end":{"line":144,"column":51}},"type":"binary-expr","locations":[{"start":{"line":144,"column":6},"end":{"line":144,"column":18}},{"start":{"line":144,"column":22},"end":{"line":144,"column":51}}],"line":144},"9":{"loc":{"start":{"line":151,"column":16},"end":{"line":151,"column":37}},"type":"binary-expr","locations":[{"start":{"line":151,"column":16},"end":{"line":151,"column":31}},{"start":{"line":151,"column":35},"end":{"line":151,"column":37}}],"line":151}},"s":{"0":1,"1":1,"2":0,"3":0,"4":0,"5":0,"6":0,"7":0,"8":0,"9":0,"10":0,"11":0,"12":0,"13":0,"14":0,"15":0,"16":1,"17":0,"18":0,"19":0,"20":0,"21":0,"22":0,"23":0,"24":0,"25":0,"26":0,"27":0,"28":0,"29":0,"30":1,"31":0,"32":0,"33":0,"34":0,"35":0,"36":0,"37":0,"38":0,"39":0,"40":1},"f":{"0":0,"1":0,"2":0,"3":0,"4":0},"b":{"0":[0,0],"1":[0,0],"2":[0,0],"3":[0,0],"4":[0,0],"5":[0,0],"6":[0,0],"7":[0,0],"8":[0,0],"9":[0,0]},"_coverageSchema":"1a1c01bbd47fc00a2c39e90264f33305004495a9","hash":"5f4dbb8746f4223670516bdebbacf68dc1629e46"}
,"/Users/zesc/ctd-node/node-homework/controllers/taskController.js": {"path":"/Users/zesc/ctd-node/node-homework/controllers/taskController.js","statementMap":{"0":{"start":{"line":1,"column":24},"end":{"line":1,"column":52}},"1":{"start":{"line":2,"column":40},"end":{"line":2,"column":75}},"2":{"start":{"line":3,"column":13},"end":{"line":3,"column":37}},"3":{"start":{"line":4,"column":15},"end":{"line":4,"column":38}},"4":{"start":{"line":6,"column":15},"end":{"line":24,"column":1}},"5":{"start":{"line":7,"column":2},"end":{"line":7,"column":31}},"6":{"start":{"line":7,"column":17},"end":{"line":7,"column":31}},"7":{"start":{"line":8,"column":27},"end":{"line":8,"column":56}},"8":{"start":{"line":9,"column":2},"end":{"line":11,"column":3}},"9":{"start":{"line":10,"column":4},"end":{"line":10,"column":80}},"10":{"start":{"line":13,"column":15},"end":{"line":21,"column":4}},"11":{"start":{"line":23,"column":2},"end":{"line":23,"column":36}},"12":{"start":{"line":26,"column":14},"end":{"line":120,"column":1}},"13":{"start":{"line":28,"column":15},"end":{"line":28,"column":44}},"14":{"start":{"line":29,"column":16},"end":{"line":29,"column":47}},"15":{"start":{"line":30,"column":15},"end":{"line":30,"column":33}},"16":{"start":{"line":31,"column":22},"end":{"line":31,"column":45}},"17":{"start":{"line":32,"column":26},"end":{"line":32,"column":51}},"18":{"start":{"line":33,"column":23},"end":{"line":33,"column":32}},"19":{"start":{"line":34,"column":23},"end":{"line":34,"column":32}},"20":{"start":{"line":36,"column":2},"end":{"line":41,"column":3}},"21":{"start":{"line":37,"column":4},"end":{"line":40,"column":6}},"22":{"start":{"line":43,"column":2},"end":{"line":45,"column":3}},"23":{"start":{"line":44,"column":4},"end":{"line":44,"column":63}},"24":{"start":{"line":47,"column":2},"end":{"line":49,"column":3}},"25":{"start":{"line":48,"column":4},"end":{"line":48,"column":46}},"26":{"start":{"line":51,"column":2},"end":{"line":59,"column":3}},"27":{"start":{"line":52,"column":4},"end":{"line":52,"column":31}},"28":{"start":{"line":53,"column":4},"end":{"line":55,"column":5}},"29":{"start":{"line":54,"column":6},"end":{"line":54,"column":53}},"30":{"start":{"line":56,"column":4},"end":{"line":58,"column":5}},"31":{"start":{"line":57,"column":6},"end":{"line":57,"column":53}},"32":{"start":{"line":61,"column":21},"end":{"line":76,"column":3}},"33":{"start":{"line":62,"column":28},"end":{"line":68,"column":5}},"34":{"start":{"line":69,"column":19},"end":{"line":69,"column":46}},"35":{"start":{"line":70,"column":26},"end":{"line":70,"column":72}},"36":{"start":{"line":72,"column":4},"end":{"line":74,"column":5}},"37":{"start":{"line":73,"column":6},"end":{"line":73,"column":41}},"38":{"start":{"line":75,"column":4},"end":{"line":75,"column":33}},"39":{"start":{"line":79,"column":16},"end":{"line":97,"column":4}},"40":{"start":{"line":100,"column":21},"end":{"line":102,"column":4}},"41":{"start":{"line":107,"column":16},"end":{"line":107,"column":45}},"42":{"start":{"line":109,"column":21},"end":{"line":116,"column":3}},"43":{"start":{"line":119,"column":2},"end":{"line":119,"column":53}},"44":{"start":{"line":122,"column":13},"end":{"line":145,"column":1}},"45":{"start":{"line":123,"column":17},"end":{"line":123,"column":41}},"46":{"start":{"line":124,"column":2},"end":{"line":126,"column":3}},"47":{"start":{"line":125,"column":4},"end":{"line":125,"column":62}},"48":{"start":{"line":128,"column":2},"end":{"line":144,"column":3}},"49":{"start":{"line":129,"column":17},"end":{"line":139,"column":6}},"50":{"start":{"line":140,"column":4},"end":{"line":140,"column":75}},"51":{"start":{"line":140,"column":15},"end":{"line":140,"column":75}},"52":{"start":{"line":141,"column":4},"end":{"line":141,"column":38}},"53":{"start":{"line":143,"column":4},"end":{"line":143,"column":21}},"54":{"start":{"line":147,"column":15},"end":{"line":178,"column":1}},"55":{"start":{"line":148,"column":21},"end":{"line":148,"column":45}},"56":{"start":{"line":149,"column":2},"end":{"line":153,"column":3}},"57":{"start":{"line":150,"column":4},"end":{"line":152,"column":61}},"58":{"start":{"line":155,"column":2},"end":{"line":155,"column":31}},"59":{"start":{"line":155,"column":17},"end":{"line":155,"column":31}},"60":{"start":{"line":156,"column":27},"end":{"line":156,"column":61}},"61":{"start":{"line":157,"column":2},"end":{"line":159,"column":3}},"62":{"start":{"line":158,"column":4},"end":{"line":158,"column":80}},"63":{"start":{"line":161,"column":2},"end":{"line":177,"column":3}},"64":{"start":{"line":162,"column":17},"end":{"line":169,"column":6}},"65":{"start":{"line":170,"column":4},"end":{"line":170,"column":38}},"66":{"start":{"line":172,"column":4},"end":{"line":176,"column":5}},"67":{"start":{"line":173,"column":6},"end":{"line":173,"column":74}},"68":{"start":{"line":175,"column":6},"end":{"line":175,"column":23}},"69":{"start":{"line":180,"column":19},"end":{"line":200,"column":1}},"70":{"start":{"line":181,"column":21},"end":{"line":181,"column":45}},"71":{"start":{"line":182,"column":2},"end":{"line":186,"column":3}},"72":{"start":{"line":183,"column":4},"end":{"line":185,"column":61}},"73":{"start":{"line":188,"column":2},"end":{"line":199,"column":3}},"74":{"start":{"line":189,"column":24},"end":{"line":192,"column":6}},"75":{"start":{"line":193,"column":4},"end":{"line":193,"column":45}},"76":{"start":{"line":195,"column":4},"end":{"line":197,"column":5}},"77":{"start":{"line":196,"column":6},"end":{"line":196,"column":74}},"78":{"start":{"line":198,"column":4},"end":{"line":198,"column":21}},"79":{"start":{"line":202,"column":19},"end":{"line":244,"column":1}},"80":{"start":{"line":203,"column":20},"end":{"line":203,"column":28}},"81":{"start":{"line":206,"column":2},"end":{"line":210,"column":3}},"82":{"start":{"line":207,"column":4},"end":{"line":209,"column":7}},"83":{"start":{"line":213,"column":21},"end":{"line":213,"column":23}},"84":{"start":{"line":214,"column":2},"end":{"line":228,"column":3}},"85":{"start":{"line":215,"column":29},"end":{"line":215,"column":54}},"86":{"start":{"line":216,"column":4},"end":{"line":221,"column":5}},"87":{"start":{"line":217,"column":6},"end":{"line":220,"column":9}},"88":{"start":{"line":222,"column":4},"end":{"line":227,"column":7}},"89":{"start":{"line":230,"column":2},"end":{"line":243,"column":3}},"90":{"start":{"line":231,"column":19},"end":{"line":234,"column":6}},"91":{"start":{"line":236,"column":4},"end":{"line":240,"column":7}},"92":{"start":{"line":242,"column":4},"end":{"line":242,"column":21}},"93":{"start":{"line":246,"column":0},"end":{"line":246,"column":73}}},"fnMap":{"0":{"name":"(anonymous_0)","decl":{"start":{"line":6,"column":15},"end":{"line":6,"column":16}},"loc":{"start":{"line":6,"column":35},"end":{"line":24,"column":1}},"line":6},"1":{"name":"(anonymous_1)","decl":{"start":{"line":26,"column":14},"end":{"line":26,"column":15}},"loc":{"start":{"line":26,"column":34},"end":{"line":120,"column":1}},"line":26},"2":{"name":"(anonymous_2)","decl":{"start":{"line":61,"column":21},"end":{"line":61,"column":22}},"loc":{"start":{"line":61,"column":32},"end":{"line":76,"column":3}},"line":61},"3":{"name":"(anonymous_3)","decl":{"start":{"line":122,"column":13},"end":{"line":122,"column":14}},"loc":{"start":{"line":122,"column":39},"end":{"line":145,"column":1}},"line":122},"4":{"name":"(anonymous_4)","decl":{"start":{"line":147,"column":15},"end":{"line":147,"column":16}},"loc":{"start":{"line":147,"column":41},"end":{"line":178,"column":1}},"line":147},"5":{"name":"(anonymous_5)","decl":{"start":{"line":180,"column":19},"end":{"line":180,"column":20}},"loc":{"start":{"line":180,"column":45},"end":{"line":200,"column":1}},"line":180},"6":{"name":"(anonymous_6)","decl":{"start":{"line":202,"column":19},"end":{"line":202,"column":20}},"loc":{"start":{"line":202,"column":45},"end":{"line":244,"column":1}},"line":202}},"branchMap":{"0":{"loc":{"start":{"line":7,"column":2},"end":{"line":7,"column":31}},"type":"if","locations":[{"start":{"line":7,"column":2},"end":{"line":7,"column":31}},{"start":{},"end":{}}],"line":7},"1":{"loc":{"start":{"line":9,"column":2},"end":{"line":11,"column":3}},"type":"if","locations":[{"start":{"line":9,"column":2},"end":{"line":11,"column":3}},{"start":{},"end":{}}],"line":9},"2":{"loc":{"start":{"line":28,"column":15},"end":{"line":28,"column":44}},"type":"binary-expr","locations":[{"start":{"line":28,"column":15},"end":{"line":28,"column":39}},{"start":{"line":28,"column":43},"end":{"line":28,"column":44}}],"line":28},"3":{"loc":{"start":{"line":29,"column":16},"end":{"line":29,"column":47}},"type":"binary-expr","locations":[{"start":{"line":29,"column":16},"end":{"line":29,"column":41}},{"start":{"line":29,"column":45},"end":{"line":29,"column":47}}],"line":29},"4":{"loc":{"start":{"line":36,"column":2},"end":{"line":41,"column":3}},"type":"if","locations":[{"start":{"line":36,"column":2},"end":{"line":41,"column":3}},{"start":{},"end":{}}],"line":36},"5":{"loc":{"start":{"line":43,"column":2},"end":{"line":45,"column":3}},"type":"if","locations":[{"start":{"line":43,"column":2},"end":{"line":45,"column":3}},{"start":{},"end":{}}],"line":43},"6":{"loc":{"start":{"line":47,"column":2},"end":{"line":49,"column":3}},"type":"if","locations":[{"start":{"line":47,"column":2},"end":{"line":49,"column":3}},{"start":{},"end":{}}],"line":47},"7":{"loc":{"start":{"line":47,"column":6},"end":{"line":47,"column":72}},"type":"binary-expr","locations":[{"start":{"line":47,"column":6},"end":{"line":47,"column":24}},{"start":{"line":47,"column":28},"end":{"line":47,"column":72}}],"line":47},"8":{"loc":{"start":{"line":51,"column":2},"end":{"line":59,"column":3}},"type":"if","locations":[{"start":{"line":51,"column":2},"end":{"line":59,"column":3}},{"start":{},"end":{}}],"line":51},"9":{"loc":{"start":{"line":51,"column":6},"end":{"line":51,"column":26}},"type":"binary-expr","locations":[{"start":{"line":51,"column":6},"end":{"line":51,"column":14}},{"start":{"line":51,"column":18},"end":{"line":51,"column":26}}],"line":51},"10":{"loc":{"start":{"line":53,"column":4},"end":{"line":55,"column":5}},"type":"if","locations":[{"start":{"line":53,"column":4},"end":{"line":55,"column":5}},{"start":{},"end":{}}],"line":53},"11":{"loc":{"start":{"line":56,"column":4},"end":{"line":58,"column":5}},"type":"if","locations":[{"start":{"line":56,"column":4},"end":{"line":58,"column":5}},{"start":{},"end":{}}],"line":56},"12":{"loc":{"start":{"line":69,"column":19},"end":{"line":69,"column":46}},"type":"binary-expr","locations":[{"start":{"line":69,"column":19},"end":{"line":69,"column":31}},{"start":{"line":69,"column":35},"end":{"line":69,"column":46}}],"line":69},"13":{"loc":{"start":{"line":70,"column":26},"end":{"line":70,"column":72}},"type":"cond-expr","locations":[{"start":{"line":70,"column":58},"end":{"line":70,"column":63}},{"start":{"line":70,"column":66},"end":{"line":70,"column":72}}],"line":70},"14":{"loc":{"start":{"line":72,"column":4},"end":{"line":74,"column":5}},"type":"if","locations":[{"start":{"line":72,"column":4},"end":{"line":74,"column":5}},{"start":{},"end":{}}],"line":72},"15":{"loc":{"start":{"line":124,"column":2},"end":{"line":126,"column":3}},"type":"if","locations":[{"start":{"line":124,"column":2},"end":{"line":126,"column":3}},{"start":{},"end":{}}],"line":124},"16":{"loc":{"start":{"line":140,"column":4},"end":{"line":140,"column":75}},"type":"if","locations":[{"start":{"line":140,"column":4},"end":{"line":140,"column":75}},{"start":{},"end":{}}],"line":140},"17":{"loc":{"start":{"line":149,"column":2},"end":{"line":153,"column":3}},"type":"if","locations":[{"start":{"line":149,"column":2},"end":{"line":153,"column":3}},{"start":{},"end":{}}],"line":149},"18":{"loc":{"start":{"line":155,"column":2},"end":{"line":155,"column":31}},"type":"if","locations":[{"start":{"line":155,"column":2},"end":{"line":155,"column":31}},{"start":{},"end":{}}],"line":155},"19":{"loc":{"start":{"line":157,"column":2},"end":{"line":159,"column":3}},"type":"if","locations":[{"start":{"line":157,"column":2},"end":{"line":159,"column":3}},{"start":{},"end":{}}],"line":157},"20":{"loc":{"start":{"line":172,"column":4},"end":{"line":176,"column":5}},"type":"if","locations":[{"start":{"line":172,"column":4},"end":{"line":176,"column":5}},{"start":{"line":174,"column":11},"end":{"line":176,"column":5}}],"line":172},"21":{"loc":{"start":{"line":182,"column":2},"end":{"line":186,"column":3}},"type":"if","locations":[{"start":{"line":182,"column":2},"end":{"line":186,"column":3}},{"start":{},"end":{}}],"line":182},"22":{"loc":{"start":{"line":195,"column":4},"end":{"line":197,"column":5}},"type":"if","locations":[{"start":{"line":195,"column":4},"end":{"line":197,"column":5}},{"start":{},"end":{}}],"line":195},"23":{"loc":{"start":{"line":206,"column":2},"end":{"line":210,"column":3}},"type":"if","locations":[{"start":{"line":206,"column":2},"end":{"line":210,"column":3}},{"start":{},"end":{}}],"line":206},"24":{"loc":{"start":{"line":206,"column":6},"end":{"line":206,"column":59}},"type":"binary-expr","locations":[{"start":{"line":206,"column":6},"end":{"line":206,"column":12}},{"start":{"line":206,"column":16},"end":{"line":206,"column":37}},{"start":{"line":206,"column":41},"end":{"line":206,"column":59}}],"line":206},"25":{"loc":{"start":{"line":216,"column":4},"end":{"line":221,"column":5}},"type":"if","locations":[{"start":{"line":216,"column":4},"end":{"line":221,"column":5}},{"start":{},"end":{}}],"line":216},"26":{"loc":{"start":{"line":224,"column":19},"end":{"line":224,"column":45}},"type":"binary-expr","locations":[{"start":{"line":224,"column":19},"end":{"line":224,"column":36}},{"start":{"line":224,"column":40},"end":{"line":224,"column":45}}],"line":224},"27":{"loc":{"start":{"line":225,"column":16},"end":{"line":225,"column":42}},"type":"binary-expr","locations":[{"start":{"line":225,"column":16},"end":{"line":225,"column":30}},{"start":{"line":225,"column":34},"end":{"line":225,"column":42}}],"line":225}},"s":{"0":2,"1":2,"2":2,"3":2,"4":2,"5":3,"6":0,"7":3,"8":3,"9":0,"10":3,"11":1,"12":2,"13":3,"14":3,"15":3,"16":3,"17":2,"18":2,"19":2,"20":2,"21":0,"22":2,"23":0,"24":2,"25":0,"26":2,"27":0,"28":0,"29":0,"30":0,"31":0,"32":2,"33":2,"34":2,"35":2,"36":2,"37":2,"38":0,"39":2,"40":2,"41":2,"42":2,"43":2,"44":2,"45":4,"46":4,"47":0,"48":4,"49":4,"50":4,"51":3,"52":1,"53":0,"54":2,"55":2,"56":2,"57":0,"58":2,"59":0,"60":2,"61":2,"62":0,"63":2,"64":2,"65":1,"66":1,"67":1,"68":0,"69":2,"70":2,"71":2,"72":0,"73":2,"74":2,"75":1,"76":1,"77":1,"78":0,"79":2,"80":0,"81":0,"82":0,"83":0,"84":0,"85":0,"86":0,"87":0,"88":0,"89":0,"90":0,"91":0,"92":0,"93":2},"f":{"0":3,"1":3,"2":2,"3":4,"4":2,"5":2,"6":0},"b":{"0":[0,3],"1":[0,3],"2":[3,3],"3":[3,3],"4":[0,2],"5":[0,2],"6":[0,2],"7":[2,0],"8":[0,2],"9":[2,2],"10":[0,0],"11":[0,0],"12":[2,2],"13":[0,2],"14":[2,0],"15":[0,4],"16":[3,1],"17":[0,2],"18":[0,2],"19":[0,2],"20":[1,0],"21":[0,2],"22":[1,0],"23":[0,0],"24":[0,0,0],"25":[0,0],"26":[0,0],"27":[0,0]},"_coverageSchema":"1a1c01bbd47fc00a2c39e90264f33305004495a9","hash":"cfd3f02a877c7e561ff5c2c11551797af1fbf109"}
,"/Users/zesc/ctd-node/node-homework/controllers/userController.js": {"path":"/Users/zesc/ctd-node/node-homework/controllers/userController.js","statementMap":{"0":{"start":{"line":1,"column":20},"end":{"line":1,"column":48}},"1":{"start":{"line":2,"column":15},"end":{"line":2,"column":32}},"2":{"start":{"line":3,"column":13},"end":{"line":3,"column":28}},"3":{"start":{"line":4,"column":15},"end":{"line":4,"column":44}},"4":{"start":{"line":5,"column":23},"end":{"line":5,"column":58}},"5":{"start":{"line":6,"column":15},"end":{"line":6,"column":38}},"6":{"start":{"line":7,"column":23},"end":{"line":7,"column":40}},"7":{"start":{"line":8,"column":12},"end":{"line":8,"column":35}},"8":{"start":{"line":10,"column":20},"end":{"line":16,"column":1}},"9":{"start":{"line":11,"column":2},"end":{"line":15,"column":4}},"10":{"start":{"line":18,"column":21},"end":{"line":25,"column":1}},"11":{"start":{"line":20,"column":18},"end":{"line":20,"column":58}},"12":{"start":{"line":21,"column":16},"end":{"line":21,"column":78}},"13":{"start":{"line":23,"column":2},"end":{"line":23,"column":69}},"14":{"start":{"line":24,"column":2},"end":{"line":24,"column":27}},"15":{"start":{"line":28,"column":15},"end":{"line":28,"column":53}},"16":{"start":{"line":29,"column":21},"end":{"line":29,"column":53}},"17":{"start":{"line":30,"column":2},"end":{"line":30,"column":49}},"18":{"start":{"line":34,"column":22},"end":{"line":34,"column":43}},"19":{"start":{"line":35,"column":20},"end":{"line":35,"column":43}},"20":{"start":{"line":36,"column":21},"end":{"line":36,"column":58}},"21":{"start":{"line":37,"column":2},"end":{"line":37,"column":55}},"22":{"start":{"line":40,"column":17},"end":{"line":112,"column":1}},"23":{"start":{"line":41,"column":2},"end":{"line":41,"column":31}},"24":{"start":{"line":41,"column":17},"end":{"line":41,"column":31}},"25":{"start":{"line":42,"column":27},"end":{"line":42,"column":79}},"26":{"start":{"line":43,"column":2},"end":{"line":47,"column":3}},"27":{"start":{"line":44,"column":4},"end":{"line":46,"column":70}},"28":{"start":{"line":49,"column":13},"end":{"line":49,"column":17}},"29":{"start":{"line":50,"column":2},"end":{"line":50,"column":60}},"30":{"start":{"line":51,"column":2},"end":{"line":51,"column":24}},"31":{"start":{"line":53,"column":2},"end":{"line":111,"column":3}},"32":{"start":{"line":54,"column":19},"end":{"line":93,"column":6}},"33":{"start":{"line":56,"column":22},"end":{"line":63,"column":8}},"34":{"start":{"line":66,"column":30},"end":{"line":74,"column":7}},"35":{"start":{"line":75,"column":6},"end":{"line":75,"column":58}},"36":{"start":{"line":78,"column":27},"end":{"line":90,"column":8}},"37":{"start":{"line":81,"column":50},"end":{"line":81,"column":57}},"38":{"start":{"line":92,"column":6},"end":{"line":92,"column":45}},"39":{"start":{"line":95,"column":22},"end":{"line":95,"column":57}},"40":{"start":{"line":97,"column":4},"end":{"line":102,"column":7}},"41":{"start":{"line":103,"column":4},"end":{"line":103,"column":11}},"42":{"start":{"line":106,"column":4},"end":{"line":110,"column":5}},"43":{"start":{"line":107,"column":6},"end":{"line":107,"column":60}},"44":{"start":{"line":109,"column":6},"end":{"line":109,"column":23}},"45":{"start":{"line":114,"column":14},"end":{"line":148,"column":1}},"46":{"start":{"line":115,"column":30},"end":{"line":115,"column":38}},"47":{"start":{"line":116,"column":21},"end":{"line":116,"column":40}},"48":{"start":{"line":120,"column":23},"end":{"line":129,"column":4}},"49":{"start":{"line":131,"column":2},"end":{"line":138,"column":3}},"50":{"start":{"line":135,"column":4},"end":{"line":137,"column":50}},"51":{"start":{"line":140,"column":20},"end":{"line":140,"column":56}},"52":{"start":{"line":142,"column":2},"end":{"line":147,"column":5}},"53":{"start":{"line":150,"column":15},"end":{"line":153,"column":1}},"54":{"start":{"line":151,"column":2},"end":{"line":151,"column":43}},"55":{"start":{"line":152,"column":2},"end":{"line":152,"column":71}},"56":{"start":{"line":155,"column":0},"end":{"line":155,"column":45}}},"fnMap":{"0":{"name":"(anonymous_0)","decl":{"start":{"line":10,"column":20},"end":{"line":10,"column":21}},"loc":{"start":{"line":10,"column":29},"end":{"line":16,"column":1}},"line":10},"1":{"name":"(anonymous_1)","decl":{"start":{"line":18,"column":21},"end":{"line":18,"column":22}},"loc":{"start":{"line":18,"column":41},"end":{"line":25,"column":1}},"line":18},"2":{"name":"hashPassword","decl":{"start":{"line":27,"column":15},"end":{"line":27,"column":27}},"loc":{"start":{"line":27,"column":38},"end":{"line":31,"column":1}},"line":27},"3":{"name":"comparePassword","decl":{"start":{"line":33,"column":15},"end":{"line":33,"column":30}},"loc":{"start":{"line":33,"column":58},"end":{"line":38,"column":1}},"line":33},"4":{"name":"(anonymous_4)","decl":{"start":{"line":40,"column":17},"end":{"line":40,"column":18}},"loc":{"start":{"line":40,"column":43},"end":{"line":112,"column":1}},"line":40},"5":{"name":"(anonymous_5)","decl":{"start":{"line":54,"column":45},"end":{"line":54,"column":46}},"loc":{"start":{"line":54,"column":59},"end":{"line":93,"column":5}},"line":54},"6":{"name":"(anonymous_6)","decl":{"start":{"line":81,"column":43},"end":{"line":81,"column":44}},"loc":{"start":{"line":81,"column":50},"end":{"line":81,"column":57}},"line":81},"7":{"name":"(anonymous_7)","decl":{"start":{"line":114,"column":14},"end":{"line":114,"column":15}},"loc":{"start":{"line":114,"column":40},"end":{"line":148,"column":1}},"line":114},"8":{"name":"(anonymous_8)","decl":{"start":{"line":150,"column":15},"end":{"line":150,"column":16}},"loc":{"start":{"line":150,"column":29},"end":{"line":153,"column":1}},"line":150}},"branchMap":{"0":{"loc":{"start":{"line":41,"column":2},"end":{"line":41,"column":31}},"type":"if","locations":[{"start":{"line":41,"column":2},"end":{"line":41,"column":31}},{"start":{},"end":{}}],"line":41},"1":{"loc":{"start":{"line":43,"column":2},"end":{"line":47,"column":3}},"type":"if","locations":[{"start":{"line":43,"column":2},"end":{"line":47,"column":3}},{"start":{},"end":{}}],"line":43},"2":{"loc":{"start":{"line":106,"column":4},"end":{"line":110,"column":5}},"type":"if","locations":[{"start":{"line":106,"column":4},"end":{"line":110,"column":5}},{"start":{"line":108,"column":11},"end":{"line":110,"column":5}}],"line":106},"3":{"loc":{"start":{"line":106,"column":8},"end":{"line":106,"column":76}},"type":"binary-expr","locations":[{"start":{"line":106,"column":8},"end":{"line":106,"column":52}},{"start":{"line":106,"column":56},"end":{"line":106,"column":76}}],"line":106},"4":{"loc":{"start":{"line":131,"column":2},"end":{"line":138,"column":3}},"type":"if","locations":[{"start":{"line":131,"column":2},"end":{"line":138,"column":3}},{"start":{},"end":{}}],"line":131},"5":{"loc":{"start":{"line":132,"column":4},"end":{"line":133,"column":67}},"type":"binary-expr","locations":[{"start":{"line":132,"column":4},"end":{"line":132,"column":17}},{"start":{"line":133,"column":4},"end":{"line":133,"column":67}}],"line":132}},"s":{"0":2,"1":2,"2":2,"3":2,"4":2,"5":2,"6":2,"7":2,"8":2,"9":6,"10":2,"11":4,"12":4,"13":4,"14":4,"15":3,"16":3,"17":3,"18":3,"19":3,"20":3,"21":3,"22":2,"23":3,"24":0,"25":3,"26":3,"27":0,"28":3,"29":3,"30":3,"31":3,"32":3,"33":3,"34":2,"35":2,"36":2,"37":6,"38":2,"39":2,"40":2,"41":2,"42":1,"43":1,"44":0,"45":2,"46":3,"47":3,"48":3,"49":3,"50":1,"51":2,"52":2,"53":2,"54":2,"55":2,"56":2},"f":{"0":6,"1":4,"2":3,"3":3,"4":3,"5":3,"6":6,"7":3,"8":2},"b":{"0":[0,3],"1":[0,3],"2":[1,0],"3":[1,1],"4":[1,2],"5":[3,3]},"_coverageSchema":"1a1c01bbd47fc00a2c39e90264f33305004495a9","hash":"d05ec9c29165d97fe2e3d1f4b25898e7de0a396b"}
,"/Users/zesc/ctd-node/node-homework/db/pg-pool.js": {"path":"/Users/zesc/ctd-node/node-homework/db/pg-pool.js","statementMap":{"0":{"start":{"line":1,"column":17},"end":{"line":1,"column":30}},"1":{"start":{"line":2,"column":0},"end":{"line":2,"column":27}},"2":{"start":{"line":4,"column":13},"end":{"line":6,"column":2}},"3":{"start":{"line":8,"column":0},"end":{"line":10,"column":3}},"4":{"start":{"line":9,"column":2},"end":{"line":9,"column":56}},"5":{"start":{"line":12,"column":0},"end":{"line":12,"column":22}}},"fnMap":{"0":{"name":"(anonymous_0)","decl":{"start":{"line":8,"column":17},"end":{"line":8,"column":18}},"loc":{"start":{"line":8,"column":34},"end":{"line":10,"column":1}},"line":8}},"branchMap":{},"s":{"0":2,"1":2,"2":2,"3":2,"4":0,"5":2},"f":{"0":0},"b":{},"_coverageSchema":"1a1c01bbd47fc00a2c39e90264f33305004495a9","hash":"ceadfdbd14a844d3d39b5076d52020fd196875d0"}
,"/Users/zesc/ctd-node/node-homework/db/prisma.js": {"path":"/Users/zesc/ctd-node/node-homework/db/prisma.js","statementMap":{"0":{"start":{"line":1,"column":25},"end":{"line":1,"column":50}},"1":{"start":{"line":4,"column":0},"end":{"line":8,"column":1}},"2":{"start":{"line":5,"column":2},"end":{"line":5,"column":28}},"3":{"start":{"line":7,"column":2},"end":{"line":7,"column":12}},"4":{"start":{"line":10,"column":15},"end":{"line":10,"column":37}},"5":{"start":{"line":12,"column":0},"end":{"line":12,"column":24}}},"fnMap":{},"branchMap":{"0":{"loc":{"start":{"line":4,"column":0},"end":{"line":8,"column":1}},"type":"if","locations":[{"start":{"line":4,"column":0},"end":{"line":8,"column":1}},{"start":{"line":6,"column":7},"end":{"line":8,"column":1}}],"line":4},"1":{"loc":{"start":{"line":4,"column":4},"end":{"line":4,"column":67}},"type":"binary-expr","locations":[{"start":{"line":4,"column":4},"end":{"line":4,"column":25}},{"start":{"line":4,"column":29},"end":{"line":4,"column":67}}],"line":4}},"s":{"0":3,"1":3,"2":0,"3":3,"4":3,"5":3},"f":{},"b":{"0":[0,3],"1":[3,3]},"_coverageSchema":"1a1c01bbd47fc00a2c39e90264f33305004495a9","hash":"4b6eb130666d0fd54a6632167882877b81c2d122"}
,"/Users/zesc/ctd-node/node-homework/middleware/error-handler.js": {"path":"/Users/zesc/ctd-node/node-homework/middleware/error-handler.js","statementMap":{"0":{"start":{"line":1,"column":24},"end":{"line":1,"column":52}},"1":{"start":{"line":3,"column":31},"end":{"line":26,"column":1}},"2":{"start":{"line":4,"column":2},"end":{"line":6,"column":3}},"3":{"start":{"line":5,"column":4},"end":{"line":5,"column":70}},"4":{"start":{"line":8,"column":2},"end":{"line":12,"column":4}},"5":{"start":{"line":14,"column":2},"end":{"line":19,"column":3}},"6":{"start":{"line":16,"column":4},"end":{"line":18,"column":6}},"7":{"start":{"line":21,"column":2},"end":{"line":25,"column":3}},"8":{"start":{"line":22,"column":4},"end":{"line":24,"column":63}},"9":{"start":{"line":28,"column":0},"end":{"line":28,"column":40}}},"fnMap":{"0":{"name":"(anonymous_0)","decl":{"start":{"line":3,"column":31},"end":{"line":3,"column":32}},"loc":{"start":{"line":3,"column":56},"end":{"line":26,"column":1}},"line":3}},"branchMap":{"0":{"loc":{"start":{"line":4,"column":2},"end":{"line":6,"column":3}},"type":"if","locations":[{"start":{"line":4,"column":2},"end":{"line":6,"column":3}},{"start":{},"end":{}}],"line":4},"1":{"loc":{"start":{"line":14,"column":2},"end":{"line":19,"column":3}},"type":"if","locations":[{"start":{"line":14,"column":2},"end":{"line":19,"column":3}},{"start":{},"end":{}}],"line":14},"2":{"loc":{"start":{"line":14,"column":6},"end":{"line":14,"column":54}},"type":"binary-expr","locations":[{"start":{"line":14,"column":6},"end":{"line":14,"column":33}},{"start":{"line":14,"column":37},"end":{"line":14,"column":54}}],"line":14},"3":{"loc":{"start":{"line":21,"column":2},"end":{"line":25,"column":3}},"type":"if","locations":[{"start":{"line":21,"column":2},"end":{"line":25,"column":3}},{"start":{},"end":{}}],"line":21}},"s":{"0":1,"1":1,"2":0,"3":0,"4":0,"5":0,"6":0,"7":0,"8":0,"9":1},"f":{"0":0},"b":{"0":[0,0],"1":[0,0],"2":[0,0],"3":[0,0]},"_coverageSchema":"1a1c01bbd47fc00a2c39e90264f33305004495a9","hash":"0164f2511257f618b54ce59189ac0c7d4d3afe3c"}
,"/Users/zesc/ctd-node/node-homework/middleware/jwtMiddleware.js": {"path":"/Users/zesc/ctd-node/node-homework/middleware/jwtMiddleware.js","statementMap":{"0":{"start":{"line":1,"column":12},"end":{"line":1,"column":35}},"1":{"start":{"line":2,"column":24},"end":{"line":2,"column":52}},"2":{"start":{"line":4,"column":16},"end":{"line":8,"column":1}},"3":{"start":{"line":5,"column":2},"end":{"line":7,"column":52}},"4":{"start":{"line":10,"column":0},"end":{"line":31,"column":2}},"5":{"start":{"line":11,"column":16},"end":{"line":11,"column":33}},"6":{"start":{"line":12,"column":2},"end":{"line":14,"column":3}},"7":{"start":{"line":13,"column":4},"end":{"line":13,"column":24}},"8":{"start":{"line":15,"column":2},"end":{"line":30,"column":5}},"9":{"start":{"line":17,"column":4},"end":{"line":19,"column":5}},"10":{"start":{"line":18,"column":6},"end":{"line":18,"column":26}},"11":{"start":{"line":20,"column":4},"end":{"line":20,"column":34}},"12":{"start":{"line":23,"column":4},"end":{"line":28,"column":5}},"13":{"start":{"line":25,"column":6},"end":{"line":27,"column":7}},"14":{"start":{"line":26,"column":8},"end":{"line":26,"column":28}},"15":{"start":{"line":29,"column":4},"end":{"line":29,"column":11}}},"fnMap":{"0":{"name":"(anonymous_0)","decl":{"start":{"line":4,"column":16},"end":{"line":4,"column":17}},"loc":{"start":{"line":4,"column":25},"end":{"line":8,"column":1}},"line":4},"1":{"name":"(anonymous_1)","decl":{"start":{"line":10,"column":17},"end":{"line":10,"column":18}},"loc":{"start":{"line":10,"column":43},"end":{"line":31,"column":1}},"line":10},"2":{"name":"(anonymous_2)","decl":{"start":{"line":15,"column":44},"end":{"line":15,"column":45}},"loc":{"start":{"line":15,"column":62},"end":{"line":30,"column":3}},"line":15}},"branchMap":{"0":{"loc":{"start":{"line":12,"column":2},"end":{"line":14,"column":3}},"type":"if","locations":[{"start":{"line":12,"column":2},"end":{"line":14,"column":3}},{"start":{},"end":{}}],"line":12},"1":{"loc":{"start":{"line":17,"column":4},"end":{"line":19,"column":5}},"type":"if","locations":[{"start":{"line":17,"column":4},"end":{"line":19,"column":5}},{"start":{},"end":{}}],"line":17},"2":{"loc":{"start":{"line":23,"column":4},"end":{"line":28,"column":5}},"type":"if","locations":[{"start":{"line":23,"column":4},"end":{"line":28,"column":5}},{"start":{},"end":{}}],"line":23},"3":{"loc":{"start":{"line":25,"column":6},"end":{"line":27,"column":7}},"type":"if","locations":[{"start":{"line":25,"column":6},"end":{"line":27,"column":7}},{"start":{},"end":{}}],"line":25}},"s":{"0":2,"1":2,"2":2,"3":4,"4":2,"5":6,"6":6,"7":2,"8":4,"9":4,"10":1,"11":3,"12":3,"13":2,"14":1,"15":2},"f":{"0":4,"1":6,"2":4},"b":{"0":[2,4],"1":[1,3],"2":[2,1],"3":[1,1]},"_coverageSchema":"1a1c01bbd47fc00a2c39e90264f33305004495a9","hash":"4e5cd7b1984bc20c11ce8b2da36306975ffbbd13"}
,"/Users/zesc/ctd-node/node-homework/middleware/not-found.js": {"path":"/Users/zesc/ctd-node/node-homework/middleware/not-found.js","statementMap":{"0":{"start":{"line":1,"column":24},"end":{"line":1,"column":52}},"1":{"start":{"line":3,"column":17},"end":{"line":9,"column":1}},"2":{"start":{"line":4,"column":2},"end":{"line":8,"column":3}},"3":{"start":{"line":5,"column":4},"end":{"line":7,"column":72}},"4":{"start":{"line":11,"column":0},"end":{"line":11,"column":26}}},"fnMap":{"0":{"name":"(anonymous_0)","decl":{"start":{"line":3,"column":17},"end":{"line":3,"column":18}},"loc":{"start":{"line":3,"column":31},"end":{"line":9,"column":1}},"line":3}},"branchMap":{"0":{"loc":{"start":{"line":4,"column":2},"end":{"line":8,"column":3}},"type":"if","locations":[{"start":{"line":4,"column":2},"end":{"line":8,"column":3}},{"start":{},"end":{}}],"line":4}},"s":{"0":1,"1":1,"2":0,"3":0,"4":1},"f":{"0":0},"b":{"0":[0,0]},"_coverageSchema":"1a1c01bbd47fc00a2c39e90264f33305004495a9","hash":"5bab9c36aa8e4c95497d7a9157f771358428e562"}
,"/Users/zesc/ctd-node/node-homework/routes/analyticsRoute.js": {"path":"/Users/zesc/ctd-node/node-homework/routes/analyticsRoute.js","statementMap":{"0":{"start":{"line":1,"column":16},"end":{"line":1,"column":34}},"1":{"start":{"line":2,"column":15},"end":{"line":2,"column":31}},"2":{"start":{"line":7,"column":4},"end":{"line":7,"column":49}},"3":{"start":{"line":9,"column":0},"end":{"line":9,"column":49}},"4":{"start":{"line":10,"column":0},"end":{"line":10,"column":46}},"5":{"start":{"line":11,"column":0},"end":{"line":11,"column":47}},"6":{"start":{"line":13,"column":0},"end":{"line":13,"column":24}}},"fnMap":{},"branchMap":{},"s":{"0":1,"1":1,"2":1,"3":1,"4":1,"5":1,"6":1},"f":{},"b":{},"_coverageSchema":"1a1c01bbd47fc00a2c39e90264f33305004495a9","hash":"c68e70e1b2faef951b5b734beb2eb7b4a33493ff"}
,"/Users/zesc/ctd-node/node-homework/routes/taskRoutes.js": {"path":"/Users/zesc/ctd-node/node-homework/routes/taskRoutes.js","statementMap":{"0":{"start":{"line":1,"column":16},"end":{"line":1,"column":34}},"1":{"start":{"line":2,"column":15},"end":{"line":2,"column":31}},"2":{"start":{"line":10,"column":4},"end":{"line":10,"column":44}},"3":{"start":{"line":12,"column":0},"end":{"line":12,"column":42}},"4":{"start":{"line":13,"column":0},"end":{"line":13,"column":39}},"5":{"start":{"line":14,"column":0},"end":{"line":14,"column":64}},"6":{"start":{"line":16,"column":0},"end":{"line":16,"column":24}}},"fnMap":{},"branchMap":{},"s":{"0":1,"1":1,"2":1,"3":1,"4":1,"5":1,"6":1},"f":{},"b":{},"_coverageSchema":"1a1c01bbd47fc00a2c39e90264f33305004495a9","hash":"9ed6b9d678e54f490ea31abd5f2f28df8e36d71d"}
,"/Users/zesc/ctd-node/node-homework/routes/userRoutes.js": {"path":"/Users/zesc/ctd-node/node-homework/routes/userRoutes.js","statementMap":{"0":{"start":{"line":1,"column":16},"end":{"line":1,"column":34}},"1":{"start":{"line":3,"column":15},"end":{"line":3,"column":31}},"2":{"start":{"line":4,"column":36},"end":{"line":4,"column":76}},"3":{"start":{"line":6,"column":0},"end":{"line":6,"column":35}},"4":{"start":{"line":7,"column":0},"end":{"line":7,"column":41}},"5":{"start":{"line":8,"column":0},"end":{"line":8,"column":37}},"6":{"start":{"line":10,"column":0},"end":{"line":10,"column":24}}},"fnMap":{},"branchMap":{},"s":{"0":1,"1":1,"2":1,"3":1,"4":1,"5":1,"6":1},"f":{},"b":{},"_coverageSchema":"1a1c01bbd47fc00a2c39e90264f33305004495a9","hash":"eb3359522ff18845bf69db875452282a6742f094"}
,"/Users/zesc/ctd-node/node-homework/test/waitForRouteHandlerCompletion.js": {"path":"/Users/zesc/ctd-node/node-homework/test/waitForRouteHandlerCompletion.js","statementMap":{"0":{"start":{"line":1,"column":38},"end":{"line":15,"column":1}},"1":{"start":{"line":3,"column":18},"end":{"line":11,"column":4}},"2":{"start":{"line":4,"column":4},"end":{"line":7,"column":7}},"3":{"start":{"line":5,"column":6},"end":{"line":5,"column":38}},"4":{"start":{"line":5,"column":17},"end":{"line":5,"column":38}},"5":{"start":{"line":6,"column":6},"end":{"line":6,"column":16}},"6":{"start":{"line":8,"column":4},"end":{"line":10,"column":7}},"7":{"start":{"line":9,"column":6},"end":{"line":9,"column":16}},"8":{"start":{"line":12,"column":2},"end":{"line":12,"column":29}},"9":{"start":{"line":13,"column":2},"end":{"line":13,"column":16}},"10":{"start":{"line":14,"column":2},"end":{"line":14,"column":14}},"11":{"start":{"line":16,"column":0},"end":{"line":16,"column":47}}},"fnMap":{"0":{"name":"(anonymous_0)","decl":{"start":{"line":1,"column":38},"end":{"line":1,"column":39}},"loc":{"start":{"line":1,"column":64},"end":{"line":15,"column":1}},"line":1},"1":{"name":"(anonymous_1)","decl":{"start":{"line":3,"column":30},"end":{"line":3,"column":31}},"loc":{"start":{"line":3,"column":51},"end":{"line":11,"column":3}},"line":3},"2":{"name":"(anonymous_2)","decl":{"start":{"line":4,"column":19},"end":{"line":4,"column":20}},"loc":{"start":{"line":4,"column":30},"end":{"line":7,"column":5}},"line":4},"3":{"name":"(anonymous_3)","decl":{"start":{"line":8,"column":21},"end":{"line":8,"column":22}},"loc":{"start":{"line":8,"column":27},"end":{"line":10,"column":5}},"line":8}},"branchMap":{"0":{"loc":{"start":{"line":5,"column":6},"end":{"line":5,"column":38}},"type":"if","locations":[{"start":{"line":5,"column":6},"end":{"line":5,"column":38}},{"start":{},"end":{}}],"line":5}},"s":{"0":2,"1":22,"2":22,"3":1,"4":0,"5":1,"6":22,"7":18,"8":22,"9":19,"10":19,"11":2},"f":{"0":22,"1":22,"2":1,"3":18},"b":{"0":[0,1]},"_coverageSchema":"1a1c01bbd47fc00a2c39e90264f33305004495a9","hash":"a2d662c22645b43b6026224f449ead5cd25a3381"}
,"/Users/zesc/ctd-node/node-homework/validation/taskSchema.js": {"path":"/Users/zesc/ctd-node/node-homework/validation/taskSchema.js","statementMap":{"0":{"start":{"line":1,"column":12},"end":{"line":1,"column":26}},"1":{"start":{"line":3,"column":19},"end":{"line":7,"column":2}},"2":{"start":{"line":9,"column":24},"end":{"line":15,"column":53}},"3":{"start":{"line":17,"column":0},"end":{"line":17,"column":49}}},"fnMap":{},"branchMap":{},"s":{"0":3,"1":3,"2":3,"3":3},"f":{},"b":{},"_coverageSchema":"1a1c01bbd47fc00a2c39e90264f33305004495a9","hash":"927abe77bdb4c011e3bc0cb89f4286c84a9ff3fe"}
,"/Users/zesc/ctd-node/node-homework/validation/userSchema.js": {"path":"/Users/zesc/ctd-node/node-homework/validation/userSchema.js","statementMap":{"0":{"start":{"line":1,"column":12},"end":{"line":1,"column":26}},"1":{"start":{"line":3,"column":19},"end":{"line":15,"column":2}},"2":{"start":{"line":17,"column":0},"end":{"line":17,"column":32}}},"fnMap":{},"branchMap":{},"s":{"0":3,"1":3,"2":3},"f":{},"b":{},"_coverageSchema":"1a1c01bbd47fc00a2c39e90264f33305004495a9","hash":"87236e87f114d494bd5f2075b4b99749e72b871e"}
}
