TN:
SF:app.js
FN:31,(anonymous_0)
FN:38,(anonymous_1)
FN:42,(anonymous_2)
FN:53,(anonymous_3)
FN:67,(anonymous_4)
FN:71,(anonymous_5)
FN:81,shutdown
FN:86,(anonymous_7)
FN:101,(anonymous_8)
FN:102,(anonymous_9)
FN:103,(anonymous_10)
FN:107,(anonymous_11)
FNF:12
FNH:2
FNDA:5,(anonymous_0)
FNDA:0,(anonymous_1)
FNDA:0,(anonymous_2)
FNDA:0,(anonymous_3)
FNDA:1,(anonymous_4)
FNDA:0,(anonymous_5)
FNDA:0,shutdown
FNDA:0,(anonymous_7)
FNDA:0,(anonymous_8)
FNDA:0,(anonymous_9)
FNDA:0,(anonymous_10)
FNDA:0,(anonymous_11)
DA:1,1
DA:2,1
DA:3,1
DA:4,1
DA:5,1
DA:6,1
DA:7,1
DA:8,1
DA:9,1
DA:10,1
DA:11,1
DA:12,1
DA:13,1
DA:15,1
DA:16,1
DA:18,1
DA:25,1
DA:26,1
DA:27,1
DA:28,1
DA:31,1
DA:32,5
DA:35,5
DA:38,1
DA:39,0
DA:42,1
DA:43,0
DA:44,0
DA:45,0
DA:47,0
DA:53,1
DA:55,0
DA:58,1
DA:59,1
DA:60,1
DA:62,1
DA:63,1
DA:66,1
DA:67,1
DA:68,1
DA:71,1
DA:72,0
DA:73,0
DA:75,0
DA:77,0
DA:80,1
DA:82,0
DA:83,0
DA:84,0
DA:85,0
DA:86,0
DA:87,0
DA:89,0
DA:90,0
DA:91,0
DA:93,0
DA:94,0
DA:96,0
DA:97,0
DA:101,1
DA:102,1
DA:103,1
DA:104,0
DA:105,0
DA:107,1
DA:108,0
DA:109,0
DA:112,1
LF:68
LH:41
BRDA:66,0,0,1
BRDA:66,0,1,1
BRDA:72,1,0,0
BRDA:72,1,1,0
BRDA:81,2,0,0
BRDA:82,3,0,0
BRDA:82,3,1,0
BRF:7
BRH:2
end_of_record
TN:
SF:controllers/analyticsController.js
FN:3,(anonymous_0)
FN:68,(anonymous_1)
FN:81,(anonymous_2)
FN:115,(anonymous_3)
FN:141,(anonymous_4)
FNF:5
FNH:0
FNDA:0,(anonymous_0)
FNDA:0,(anonymous_1)
FNDA:0,(anonymous_2)
FNDA:0,(anonymous_3)
FNDA:0,(anonymous_4)
DA:1,1
DA:3,1
DA:4,0
DA:6,0
DA:7,0
DA:10,0
DA:15,0
DA:16,0
DA:20,0
DA:29,0
DA:49,0
DA:50,0
DA:53,0
DA:68,0
DA:74,0
DA:81,1
DA:82,0
DA:83,0
DA:84,0
DA:86,0
DA:87,0
DA:90,0
DA:91,0
DA:96,0
DA:115,0
DA:125,0
DA:129,0
DA:138,0
DA:141,1
DA:142,0
DA:144,0
DA:145,0
DA:151,0
DA:154,0
DA:155,0
DA:156,0
DA:159,0
DA:185,0
DA:192,1
LF:39
LH:5
BRDA:6,0,0,0
BRDA:6,0,1,0
BRDA:15,1,0,0
BRDA:15,1,1,0
BRDA:82,2,0,0
BRDA:82,2,1,0
BRDA:83,3,0,0
BRDA:83,3,1,0
BRDA:86,4,0,0
BRDA:86,4,1,0
BRDA:90,5,0,0
BRDA:90,5,1,0
BRDA:90,6,0,0
BRDA:90,6,1,0
BRDA:144,7,0,0
BRDA:144,7,1,0
BRDA:144,8,0,0
BRDA:144,8,1,0
BRDA:151,9,0,0
BRDA:151,9,1,0
BRF:20
BRH:0
end_of_record
TN:
SF:controllers/taskController.js
FN:6,(anonymous_0)
FN:26,(anonymous_1)
FN:61,(anonymous_2)
FN:122,(anonymous_3)
FN:147,(anonymous_4)
FN:180,(anonymous_5)
FN:202,(anonymous_6)
FNF:7
FNH:6
FNDA:3,(anonymous_0)
FNDA:3,(anonymous_1)
FNDA:2,(anonymous_2)
FNDA:4,(anonymous_3)
FNDA:2,(anonymous_4)
FNDA:2,(anonymous_5)
FNDA:0,(anonymous_6)
DA:1,2
DA:2,2
DA:3,2
DA:4,2
DA:6,2
DA:7,3
DA:8,3
DA:9,3
DA:10,0
DA:13,3
DA:23,1
DA:26,2
DA:28,3
DA:29,3
DA:30,3
DA:31,3
DA:32,2
DA:33,2
DA:34,2
DA:36,2
DA:37,0
DA:43,2
DA:44,0
DA:47,2
DA:48,0
DA:51,2
DA:52,0
DA:53,0
DA:54,0
DA:56,0
DA:57,0
DA:61,2
DA:62,2
DA:69,2
DA:70,2
DA:72,2
DA:73,2
DA:75,0
DA:79,2
DA:100,2
DA:107,2
DA:109,2
DA:119,2
DA:122,2
DA:123,4
DA:124,4
DA:125,0
DA:128,4
DA:129,4
DA:140,4
DA:141,1
DA:143,0
DA:147,2
DA:148,2
DA:149,2
DA:150,0
DA:155,2
DA:156,2
DA:157,2
DA:158,0
DA:161,2
DA:162,2
DA:170,1
DA:172,1
DA:173,1
DA:175,0
DA:180,2
DA:181,2
DA:182,2
DA:183,0
DA:188,2
DA:189,2
DA:193,1
DA:195,1
DA:196,1
DA:198,0
DA:202,2
DA:203,0
DA:206,0
DA:207,0
DA:213,0
DA:214,0
DA:215,0
DA:216,0
DA:217,0
DA:222,0
DA:230,0
DA:231,0
DA:236,0
DA:242,0
DA:246,2
LF:91
LH:61
BRDA:7,0,0,0
BRDA:7,0,1,3
BRDA:9,1,0,0
BRDA:9,1,1,3
BRDA:28,2,0,3
BRDA:28,2,1,3
BRDA:29,3,0,3
BRDA:29,3,1,3
BRDA:36,4,0,0
BRDA:36,4,1,2
BRDA:43,5,0,0
BRDA:43,5,1,2
BRDA:47,6,0,0
BRDA:47,6,1,2
BRDA:47,7,0,2
BRDA:47,7,1,0
BRDA:51,8,0,0
BRDA:51,8,1,2
BRDA:51,9,0,2
BRDA:51,9,1,2
BRDA:53,10,0,0
BRDA:53,10,1,0
BRDA:56,11,0,0
BRDA:56,11,1,0
BRDA:69,12,0,2
BRDA:69,12,1,2
BRDA:70,13,0,0
BRDA:70,13,1,2
BRDA:72,14,0,2
BRDA:72,14,1,0
BRDA:124,15,0,0
BRDA:124,15,1,4
BRDA:140,16,0,3
BRDA:140,16,1,1
BRDA:149,17,0,0
BRDA:149,17,1,2
BRDA:155,18,0,0
BRDA:155,18,1,2
BRDA:157,19,0,0
BRDA:157,19,1,2
BRDA:172,20,0,1
BRDA:172,20,1,0
BRDA:182,21,0,0
BRDA:182,21,1,2
BRDA:195,22,0,1
BRDA:195,22,1,0
BRDA:206,23,0,0
BRDA:206,23,1,0
BRDA:206,24,0,0
BRDA:206,24,1,0
BRDA:206,24,2,0
BRDA:216,25,0,0
BRDA:216,25,1,0
BRDA:224,26,0,0
BRDA:224,26,1,0
BRDA:225,27,0,0
BRDA:225,27,1,0
BRF:57
BRH:26
end_of_record
TN:
SF:controllers/userController.js
FN:10,(anonymous_0)
FN:18,(anonymous_1)
FN:27,hashPassword
FN:33,comparePassword
FN:40,(anonymous_4)
FN:54,(anonymous_5)
FN:81,(anonymous_6)
FN:114,(anonymous_7)
FN:150,(anonymous_8)
FNF:9
FNH:9
FNDA:6,(anonymous_0)
FNDA:4,(anonymous_1)
FNDA:3,hashPassword
FNDA:3,comparePassword
FNDA:3,(anonymous_4)
FNDA:3,(anonymous_5)
FNDA:6,(anonymous_6)
FNDA:3,(anonymous_7)
FNDA:2,(anonymous_8)
DA:1,2
DA:2,2
DA:3,2
DA:4,2
DA:5,2
DA:6,2
DA:7,2
DA:8,2
DA:10,2
DA:11,6
DA:18,2
DA:20,4
DA:21,4
DA:23,4
DA:24,4
DA:28,3
DA:29,3
DA:30,3
DA:34,3
DA:35,3
DA:36,3
DA:37,3
DA:40,2
DA:41,3
DA:42,3
DA:43,3
DA:44,0
DA:49,3
DA:50,3
DA:51,3
DA:53,3
DA:54,3
DA:56,3
DA:66,2
DA:75,2
DA:78,2
DA:81,6
DA:92,2
DA:95,2
DA:97,2
DA:103,2
DA:106,1
DA:107,1
DA:109,0
DA:114,2
DA:115,3
DA:116,3
DA:120,3
DA:131,3
DA:135,1
DA:140,2
DA:142,2
DA:150,2
DA:151,2
DA:152,2
DA:155,2
LF:56
LH:54
BRDA:41,0,0,0
BRDA:41,0,1,3
BRDA:43,1,0,0
BRDA:43,1,1,3
BRDA:106,2,0,1
BRDA:106,2,1,0
BRDA:106,3,0,1
BRDA:106,3,1,1
BRDA:131,4,0,1
BRDA:131,4,1,2
BRDA:132,5,0,3
BRDA:132,5,1,3
BRF:12
BRH:9
end_of_record
TN:
SF:db/pg-pool.js
FN:8,(anonymous_0)
FNF:1
FNH:0
FNDA:0,(anonymous_0)
DA:1,2
DA:2,2
DA:4,2
DA:8,2
DA:9,0
DA:12,2
LF:6
LH:5
BRF:0
BRH:0
end_of_record
TN:
SF:db/prisma.js
FNF:0
FNH:0
DA:1,3
DA:4,3
DA:5,0
DA:7,3
DA:10,3
DA:12,3
LF:6
LH:5
BRDA:4,0,0,0
BRDA:4,0,1,3
BRDA:4,1,0,3
BRDA:4,1,1,3
BRF:4
BRH:3
end_of_record
TN:
SF:middleware/error-handler.js
FN:3,(anonymous_0)
FNF:1
FNH:0
FNDA:0,(anonymous_0)
DA:1,1
DA:3,1
DA:4,0
DA:5,0
DA:8,0
DA:14,0
DA:16,0
DA:21,0
DA:22,0
DA:28,1
LF:10
LH:3
BRDA:4,0,0,0
BRDA:4,0,1,0
BRDA:14,1,0,0
BRDA:14,1,1,0
BRDA:14,2,0,0
BRDA:14,2,1,0
BRDA:21,3,0,0
BRDA:21,3,1,0
BRF:8
BRH:0
end_of_record
TN:
SF:middleware/jwtMiddleware.js
FN:4,(anonymous_0)
FN:10,(anonymous_1)
FN:15,(anonymous_2)
FNF:3
FNH:3
FNDA:4,(anonymous_0)
FNDA:6,(anonymous_1)
FNDA:4,(anonymous_2)
DA:1,2
DA:2,2
DA:4,2
DA:5,4
DA:10,2
DA:11,6
DA:12,6
DA:13,2
DA:15,4
DA:17,4
DA:18,1
DA:20,3
DA:23,3
DA:25,2
DA:26,1
DA:29,2
LF:16
LH:16
BRDA:12,0,0,2
BRDA:12,0,1,4
BRDA:17,1,0,1
BRDA:17,1,1,3
BRDA:23,2,0,2
BRDA:23,2,1,1
BRDA:25,3,0,1
BRDA:25,3,1,1
BRF:8
BRH:8
end_of_record
TN:
SF:middleware/not-found.js
FN:3,(anonymous_0)
FNF:1
FNH:0
FNDA:0,(anonymous_0)
DA:1,1
DA:3,1
DA:4,0
DA:5,0
DA:11,1
LF:5
LH:3
BRDA:4,0,0,0
BRDA:4,0,1,0
BRF:2
BRH:0
end_of_record
TN:
SF:routes/analyticsRoute.js
FNF:0
FNH:0
DA:1,1
DA:2,1
DA:7,1
DA:9,1
DA:10,1
DA:11,1
DA:13,1
LF:7
LH:7
BRF:0
BRH:0
end_of_record
TN:
SF:routes/taskRoutes.js
FNF:0
FNH:0
DA:1,1
DA:2,1
DA:10,1
DA:12,1
DA:13,1
DA:14,1
DA:16,1
LF:7
LH:7
BRF:0
BRH:0
end_of_record
TN:
SF:routes/userRoutes.js
FNF:0
FNH:0
DA:1,1
DA:3,1
DA:4,1
DA:6,1
DA:7,1
DA:8,1
DA:10,1
LF:7
LH:7
BRF:0
BRH:0
end_of_record
TN:
SF:test/waitForRouteHandlerCompletion.js
FN:1,(anonymous_0)
FN:3,(anonymous_1)
FN:4,(anonymous_2)
FN:8,(anonymous_3)
FNF:4
FNH:4
FNDA:22,(anonymous_0)
FNDA:22,(anonymous_1)
FNDA:1,(anonymous_2)
FNDA:18,(anonymous_3)
DA:1,2
DA:3,22
DA:4,22
DA:5,1
DA:6,1
DA:8,22
DA:9,18
DA:12,22
DA:13,19
DA:14,19
DA:16,2
LF:11
LH:11
BRDA:5,0,0,0
BRDA:5,0,1,1
BRF:2
BRH:1
end_of_record
TN:
SF:validation/taskSchema.js
FNF:0
FNH:0
DA:1,3
DA:3,3
DA:9,3
DA:17,3
LF:4
LH:4
BRF:0
BRH:0
end_of_record
TN:
SF:validation/userSchema.js
FNF:0
FNH:0
DA:1,3
DA:3,3
DA:17,3
LF:3
LH:3
BRF:0
BRH:0
end_of_record
